<?xml version="1.0" encoding="UTF-8"?>
<testng-results skipped="0" failed="0" total="1" passed="1">
  <reporter-output>
  </reporter-output>
  <suite name="Default suite" duration-ms="3519" started-at="2018-05-24T13:34:29Z" finished-at="2018-05-24T13:34:33Z">
    <groups>
    </groups>
    <test name="Default test" duration-ms="3519" started-at="2018-05-24T13:34:29Z" finished-at="2018-05-24T13:34:33Z">
      <class name="com.ads.steps.LoginStep">
        <test-method status="PASS" signature="pageNavigation()[pri:0, instance:com.ads.steps.LoginStep@1593948d]" name="pageNavigation" duration-ms="3504" started-at="2018-05-24T19:04:29Z" finished-at="2018-05-24T19:04:33Z">
          <reporter-output>
          </reporter-output>
        </test-method> <!-- pageNavigation -->
      </class> <!-- com.ads.steps.LoginStep -->
    </test> <!-- Default test -->
  </suite> <!-- Default suite -->
</testng-results>
